#! /c/Source/iverilog-install/bin/vvp
:ivl_version "12.0 (devel)" "(s20150603-1110-g18392a46)";
:ivl_delay_selection "TYPICAL";
:vpi_time_precision + 0;
:vpi_module "C:\iverilog\lib\ivl\system.vpi";
:vpi_module "C:\iverilog\lib\ivl\vhdl_sys.vpi";
:vpi_module "C:\iverilog\lib\ivl\vhdl_textio.vpi";
:vpi_module "C:\iverilog\lib\ivl\v2005_math.vpi";
:vpi_module "C:\iverilog\lib\ivl\va_math.vpi";
S_000001d931706ba0 .scope module, "top_modeule" "top_modeule" 2 1;
 .timescale 0 0;
    .port_info 0 /INPUT 8 "in_binary";
    .port_info 1 /OUTPUT 8 "packed_bcd";
    .port_info 2 /OUTPUT 16 "unpacked_bcd";
L_000001d9317e2038 .functor BUFT 1, C4<0000>, C4<0>, C4<0>, C4<0>;
v000001d931708bf0_0 .net/2u *"_ivl_2", 3 0, L_000001d9317e2038;  1 drivers
v000001d93170be90_0 .net *"_ivl_5", 3 0, L_000001d931792ba0;  1 drivers
L_000001d9317e2080 .functor BUFT 1, C4<0000>, C4<0>, C4<0>, C4<0>;
v000001d93170bf30_0 .net/2u *"_ivl_6", 3 0, L_000001d9317e2080;  1 drivers
v000001d931706ec0_0 .net *"_ivl_9", 3 0, L_000001d931793140;  1 drivers
o000001d931797098 .functor BUFZ 8, C4<zzzzzzzz>; HiZ drive
v000001d931706f60_0 .net "in_binary", 7 0, o000001d931797098;  0 drivers
v000001d931707000_0 .net "packed_bcd", 7 0, L_000001d931793a00;  1 drivers
v000001d931792a10_0 .var "scratch_pad", 15 0;
v000001d931792ab0_0 .net "unpacked_bcd", 15 0, L_000001d9317930a0;  1 drivers
E_000001d931784f10 .event anyedge, v000001d931706f60_0, v000001d931792a10_0;
L_000001d931793a00 .part v000001d931792a10_0, 8, 8;
L_000001d931792ba0 .part v000001d931792a10_0, 12, 4;
L_000001d931793140 .part v000001d931792a10_0, 8, 4;
L_000001d9317930a0 .concat [ 4 4 4 4], L_000001d931793140, L_000001d9317e2080, L_000001d931792ba0, L_000001d9317e2038;
S_000001d931706d30 .scope begin, "$ivl_for_loop0" "$ivl_for_loop0" 2 9, 2 9 0, S_000001d931706ba0;
 .timescale 0 0;
v000001d931707400_0 .var/i "i", 31 0;
    .scope S_000001d931706ba0;
T_0 ;
    %wait E_000001d931784f10;
    %pushi/vec4 0, 0, 8;
    %load/vec4 v000001d931706f60_0;
    %concat/vec4; draw_concat_vec4
    %store/vec4 v000001d931792a10_0, 0, 16;
    %fork t_1, S_000001d931706d30;
    %jmp t_0;
    .scope S_000001d931706d30;
t_1 ;
    %pushi/vec4 1, 0, 32;
    %store/vec4 v000001d931707400_0, 0, 32;
T_0.0 ;
    %load/vec4 v000001d931707400_0;
    %cmpi/s 8, 0, 32;
    %jmp/0xz T_0.1, 5;
    %load/vec4 v000001d931792a10_0;
    %ix/load 4, 1, 0;
    %flag_set/imm 4, 0;
    %shiftl 4;
    %store/vec4 v000001d931792a10_0, 0, 16;
    %load/vec4 v000001d931792a10_0;
    %parti/s 4, 8, 5;
    %cmpi/u 4, 0, 4;
    %flag_or 5, 4; GT is !LE
    %flag_inv 5;
    %jmp/0xz  T_0.2, 5;
    %load/vec4 v000001d931792a10_0;
    %parti/s 4, 8, 5;
    %addi 3, 0, 4;
    %ix/load 4, 8, 0;
    %flag_set/imm 4, 0;
    %store/vec4 v000001d931792a10_0, 4, 4;
T_0.2 ;
    %load/vec4 v000001d931707400_0;
    %addi 1, 0, 32;
    %store/vec4 v000001d931707400_0, 0, 32;
    %jmp T_0.0;
T_0.1 ;
    %end;
    .scope S_000001d931706ba0;
t_0 %join;
    %load/vec4 v000001d931792a10_0;
    %ix/load 4, 1, 0;
    %flag_set/imm 4, 0;
    %shiftl 4;
    %store/vec4 v000001d931792a10_0, 0, 16;
    %jmp T_0;
    .thread T_0, $push;
# The file index is used to find the file name in the following table.
:file_names 3;
    "N/A";
    "<interactive>";
    "binary2bcd_double_dabble.v";
