#! /c/Source/iverilog-install/bin/vvp
:ivl_version "12.0 (devel)" "(s20150603-1110-g18392a46)";
:ivl_delay_selection "TYPICAL";
:vpi_time_precision - 12;
:vpi_module "C:\iverilog\lib\ivl\system.vpi";
:vpi_module "C:\iverilog\lib\ivl\vhdl_sys.vpi";
:vpi_module "C:\iverilog\lib\ivl\vhdl_textio.vpi";
:vpi_module "C:\iverilog\lib\ivl\v2005_math.vpi";
:vpi_module "C:\iverilog\lib\ivl\va_math.vpi";
S_0000026827b5c710 .scope module, "tb_top_modeule" "tb_top_modeule" 2 5;
 .timescale -9 -12;
P_0000026827b1bc90 .param/l "LARGE_NUMBER" 0 2 9, +C4<00000000000000000000000011111111>;
P_0000026827b1bcc8 .param/l "PERIOD" 0 2 8, +C4<00000000000000000000000000001010>;
v0000026827bc4c70_0 .var "clk", 0 0;
v0000026827bc4810_0 .var/i "error", 31 0;
v0000026827bc4590_0 .var/i "i", 31 0;
v0000026827bc4630_0 .var "in_binary", 7 0;
v0000026827bc4f90_0 .var/i "j", 31 0;
v0000026827bc46d0_0 .net "packed_bcd", 7 0, L_0000026827bc4a90;  1 drivers
v0000026827bc4770_0 .var "rst_n", 0 0;
v0000026827bc48b0 .array "solution", 99 0, 7 0;
v0000026827bc4950_0 .net "unpacked_bcd", 15 0, L_0000026827bc4310;  1 drivers
E_0000026827b5bf60 .event negedge, v0000026827b5f280_0;
E_0000026827b5b620 .event anyedge, v0000026827bc49f0_0;
S_0000026827b59a40 .scope module, "u_top_modeule" "top_modeule" 2 29, 3 1 0, S_0000026827b5c710;
 .timescale 0 0;
    .port_info 0 /INPUT 8 "in_binary";
    .port_info 1 /OUTPUT 8 "packed_bcd";
    .port_info 2 /OUTPUT 16 "unpacked_bcd";
    .port_info 3 /INPUT 1 "clk";
    .port_info 4 /INPUT 1 "rst_n";
L_0000026827bc5058 .functor BUFT 1, C4<0000>, C4<0>, C4<0>, C4<0>;
v0000026827b32fc0_0 .net/2u *"_ivl_2", 3 0, L_0000026827bc5058;  1 drivers
v0000026827b1bea0_0 .net *"_ivl_5", 3 0, L_0000026827bc4d10;  1 drivers
L_0000026827bc50a0 .functor BUFT 1, C4<0000>, C4<0>, C4<0>, C4<0>;
v0000026827b1e700_0 .net/2u *"_ivl_6", 3 0, L_0000026827bc50a0;  1 drivers
v0000026827b5f1e0_0 .net *"_ivl_9", 3 0, L_0000026827bc4db0;  1 drivers
v0000026827b5f280_0 .net "clk", 0 0, v0000026827bc4c70_0;  1 drivers
v0000026827bc44f0_0 .net "in_binary", 7 0, v0000026827bc4630_0;  1 drivers
v0000026827bc4450_0 .net "packed_bcd", 7 0, L_0000026827bc4a90;  alias, 1 drivers
v0000026827bc49f0_0 .net "rst_n", 0 0, v0000026827bc4770_0;  1 drivers
v0000026827bc4bd0_0 .var "scratch_pad", 15 0;
v0000026827bc4b30_0 .net "unpacked_bcd", 15 0, L_0000026827bc4310;  alias, 1 drivers
E_0000026827b5bb20 .event anyedge, v0000026827bc44f0_0, v0000026827bc4bd0_0;
L_0000026827bc4a90 .part v0000026827bc4bd0_0, 8, 8;
L_0000026827bc4d10 .part v0000026827bc4bd0_0, 12, 4;
L_0000026827bc4db0 .part v0000026827bc4bd0_0, 8, 4;
L_0000026827bc4310 .concat [ 4 4 4 4], L_0000026827bc4db0, L_0000026827bc50a0, L_0000026827bc4d10, L_0000026827bc5058;
S_0000026827b5f050 .scope begin, "$ivl_for_loop0" "$ivl_for_loop0" 3 11, 3 11 0, S_0000026827b59a40;
 .timescale 0 0;
v0000026827b59860_0 .var/i "i", 31 0;
    .scope S_0000026827b59a40;
T_0 ;
    %wait E_0000026827b5bb20;
    %pushi/vec4 0, 0, 8;
    %load/vec4 v0000026827bc44f0_0;
    %concat/vec4; draw_concat_vec4
    %store/vec4 v0000026827bc4bd0_0, 0, 16;
    %fork t_1, S_0000026827b5f050;
    %jmp t_0;
    .scope S_0000026827b5f050;
t_1 ;
    %pushi/vec4 1, 0, 32;
    %store/vec4 v0000026827b59860_0, 0, 32;
T_0.0 ;
    %load/vec4 v0000026827b59860_0;
    %cmpi/s 8, 0, 32;
    %jmp/0xz T_0.1, 5;
    %load/vec4 v0000026827bc4bd0_0;
    %ix/load 4, 1, 0;
    %flag_set/imm 4, 0;
    %shiftl 4;
    %store/vec4 v0000026827bc4bd0_0, 0, 16;
    %load/vec4 v0000026827bc4bd0_0;
    %parti/s 4, 8, 5;
    %cmpi/u 4, 0, 4;
    %flag_or 5, 4; GT is !LE
    %flag_inv 5;
    %jmp/0xz  T_0.2, 5;
    %load/vec4 v0000026827bc4bd0_0;
    %parti/s 4, 8, 5;
    %addi 3, 0, 4;
    %ix/load 4, 8, 0;
    %flag_set/imm 4, 0;
    %store/vec4 v0000026827bc4bd0_0, 4, 4;
T_0.2 ;
    %load/vec4 v0000026827b59860_0;
    %addi 1, 0, 32;
    %store/vec4 v0000026827b59860_0, 0, 32;
    %jmp T_0.0;
T_0.1 ;
    %end;
    .scope S_0000026827b59a40;
t_0 %join;
    %load/vec4 v0000026827bc4bd0_0;
    %ix/load 4, 1, 0;
    %flag_set/imm 4, 0;
    %shiftl 4;
    %store/vec4 v0000026827bc4bd0_0, 0, 16;
    %jmp T_0;
    .thread T_0, $push;
    .scope S_0000026827b5c710;
T_1 ;
    %pushi/vec4 0, 0, 8;
    %store/vec4 v0000026827bc4630_0, 0, 8;
    %end;
    .thread T_1;
    .scope S_0000026827b5c710;
T_2 ;
    %vpi_call 2 25 "$readmemb", "solution.dat", v0000026827bc48b0 {0 0 0};
    %end;
    .thread T_2;
    .scope S_0000026827b5c710;
T_3 ;
    %delay 5000, 0;
    %load/vec4 v0000026827bc4c70_0;
    %inv;
    %store/vec4 v0000026827bc4c70_0, 0, 1;
    %jmp T_3;
    .thread T_3;
    .scope S_0000026827b5c710;
T_4 ;
    %pushi/vec4 1, 0, 1;
    %store/vec4 v0000026827bc4c70_0, 0, 1;
    %pushi/vec4 1, 0, 1;
    %store/vec4 v0000026827bc4770_0, 0, 1;
    %delay 10000, 0;
    %pushi/vec4 0, 0, 1;
    %store/vec4 v0000026827bc4770_0, 0, 1;
    %delay 10000, 0;
    %pushi/vec4 1, 0, 1;
    %store/vec4 v0000026827bc4770_0, 0, 1;
    %end;
    .thread T_4;
    .scope S_0000026827b5c710;
T_5 ;
    %vpi_call 2 52 "$dumpfile", "binary2bcd_double_dabble-tb.vcd" {0 0 0};
    %vpi_call 2 53 "$dumpvars" {0 0 0};
    %end;
    .thread T_5;
    .scope S_0000026827b5c710;
T_6 ;
T_6.0 ;
    %load/vec4 v0000026827bc4770_0;
    %pad/u 32;
    %pushi/vec4 0, 0, 32;
    %cmp/e;
    %flag_get/vec4 4;
    %cmpi/ne 1, 0, 1;
    %jmp/0xz T_6.1, 6;
    %wait E_0000026827b5b620;
    %jmp T_6.0;
T_6.1 ;
T_6.2 ;
    %load/vec4 v0000026827bc4770_0;
    %pad/u 32;
    %pushi/vec4 1, 0, 32;
    %cmp/e;
    %flag_get/vec4 4;
    %cmpi/ne 1, 0, 1;
    %jmp/0xz T_6.3, 6;
    %wait E_0000026827b5b620;
    %jmp T_6.2;
T_6.3 ;
    %pushi/vec4 0, 0, 8;
    %store/vec4 v0000026827bc4630_0, 0, 8;
    %pushi/vec4 0, 0, 32;
    %store/vec4 v0000026827bc4590_0, 0, 32;
T_6.4 ;
    %load/vec4 v0000026827bc4590_0;
    %cmpi/s 255, 0, 32;
    %jmp/0xz T_6.5, 5;
    %wait E_0000026827b5bf60;
    %load/vec4 v0000026827bc4630_0;
    %addi 1, 0, 8;
    %store/vec4 v0000026827bc4630_0, 0, 8;
    %load/vec4 v0000026827bc4590_0;
    %addi 1, 0, 32;
    %store/vec4 v0000026827bc4590_0, 0, 32;
    %jmp T_6.4;
T_6.5 ;
    %end;
    .thread T_6;
    .scope S_0000026827b5c710;
T_7 ;
    %pushi/vec4 0, 0, 32;
    %store/vec4 v0000026827bc4810_0, 0, 32;
T_7.0 ;
    %load/vec4 v0000026827bc4770_0;
    %pad/u 32;
    %pushi/vec4 0, 0, 32;
    %cmp/e;
    %flag_get/vec4 4;
    %cmpi/ne 1, 0, 1;
    %jmp/0xz T_7.1, 6;
    %wait E_0000026827b5b620;
    %jmp T_7.0;
T_7.1 ;
T_7.2 ;
    %load/vec4 v0000026827bc4770_0;
    %pad/u 32;
    %pushi/vec4 1, 0, 32;
    %cmp/e;
    %flag_get/vec4 4;
    %cmpi/ne 1, 0, 1;
    %jmp/0xz T_7.3, 6;
    %wait E_0000026827b5b620;
    %jmp T_7.2;
T_7.3 ;
    %pushi/vec4 0, 0, 32;
    %store/vec4 v0000026827bc4f90_0, 0, 32;
T_7.4 ;
    %load/vec4 v0000026827bc4f90_0;
    %cmpi/s 99, 0, 32;
    %flag_or 5, 4;
    %jmp/0xz T_7.5, 5;
    %wait E_0000026827b5bf60;
    %load/vec4 v0000026827bc46d0_0;
    %ix/getv/s 4, v0000026827bc4f90_0;
    %load/vec4a v0000026827bc48b0, 4;
    %cmp/ne;
    %jmp/0xz  T_7.6, 4;
    %load/vec4 v0000026827bc4810_0;
    %addi 1, 0, 32;
    %store/vec4 v0000026827bc4810_0, 0, 32;
    %vpi_call 2 77 "$display", "pattern number No.%d is wrong at %t", v0000026827bc4f90_0, $time {0 0 0};
    %vpi_call 2 78 "$display", "your answer is %b, but the correct answer is %b", v0000026827bc46d0_0, &A<v0000026827bc48b0, v0000026827bc4f90_0 > {0 0 0};
T_7.6 ;
    %load/vec4 v0000026827bc4f90_0;
    %addi 1, 0, 32;
    %store/vec4 v0000026827bc4f90_0, 0, 32;
    %jmp T_7.4;
T_7.5 ;
    %load/vec4 v0000026827bc4810_0;
    %cmpi/e 0, 0, 32;
    %jmp/0xz  T_7.8, 4;
    %vpi_call 2 83 "$display", "Your answer is correct!" {0 0 0};
    %jmp T_7.9;
T_7.8 ;
    %vpi_call 2 85 "$display", "Your answer is wrong!" {0 0 0};
T_7.9 ;
    %delay 10000, 0;
    %vpi_call 2 88 "$finish" {0 0 0};
    %end;
    .thread T_7;
# The file index is used to find the file name in the following table.
:file_names 4;
    "N/A";
    "<interactive>";
    "binary2bcd_double_dabble-tb.v";
    "./binary2bcd_double_dabble.v";
