#! /c/Source/iverilog-install/bin/vvp
:ivl_version "12.0 (devel)" "(s20150603-1110-g18392a46)";
:ivl_delay_selection "TYPICAL";
:vpi_time_precision + 0;
:vpi_module "C:\iverilog\lib\ivl\system.vpi";
:vpi_module "C:\iverilog\lib\ivl\vhdl_sys.vpi";
:vpi_module "C:\iverilog\lib\ivl\vhdl_textio.vpi";
:vpi_module "C:\iverilog\lib\ivl\v2005_math.vpi";
:vpi_module "C:\iverilog\lib\ivl\va_math.vpi";
S_00000210ea2a6ad0 .scope module, "top_modeule" "top_modeule" 2 1;
 .timescale 0 0;
    .port_info 0 /INPUT 8 "in_binary";
    .port_info 1 /OUTPUT 8 "packed_bcd";
    .port_info 2 /OUTPUT 16 "unpacked_bcd";
v00000210ea2a7330_0 .net *"_ivl_12", 3 0, L_00000210ea2f2fc0;  1 drivers
L_00000210ea343038 .functor BUFT 1, C4<0000>, C4<0>, C4<0>, C4<0>;
v00000210ea2a9360_0 .net/2u *"_ivl_3", 3 0, L_00000210ea343038;  1 drivers
v00000210ea2ab070_0 .net *"_ivl_7", 3 0, L_00000210ea2f2c00;  1 drivers
L_00000210ea343080 .functor BUFT 1, C4<0000>, C4<0>, C4<0>, C4<0>;
v00000210ea2aad90_0 .net/2u *"_ivl_8", 3 0, L_00000210ea343080;  1 drivers
v00000210ea2a9070_0 .var/i "i", 31 0;
o00000210ea2f8098 .functor BUFZ 8, C4<zzzzzzzz>; HiZ drive
v00000210ea2abde0_0 .net "in_binary", 7 0, o00000210ea2f8098;  0 drivers
v00000210ea2abe80_0 .net "packed_bcd", 7 0, L_00000210ea2f3060;  1 drivers
v00000210ea2abf20 .array "scratch_pad", 8 0, 15 0;
v00000210ea2a6c60_0 .net "unpacked_bcd", 15 0, L_00000210ea2f3380;  1 drivers
v00000210ea2abf20_0 .array/port v00000210ea2abf20, 0;
v00000210ea2abf20_1 .array/port v00000210ea2abf20, 1;
v00000210ea2abf20_2 .array/port v00000210ea2abf20, 2;
E_00000210ea2a8c60/0 .event anyedge, v00000210ea2abde0_0, v00000210ea2abf20_0, v00000210ea2abf20_1, v00000210ea2abf20_2;
v00000210ea2abf20_3 .array/port v00000210ea2abf20, 3;
v00000210ea2abf20_4 .array/port v00000210ea2abf20, 4;
v00000210ea2abf20_5 .array/port v00000210ea2abf20, 5;
v00000210ea2abf20_6 .array/port v00000210ea2abf20, 6;
E_00000210ea2a8c60/1 .event anyedge, v00000210ea2abf20_3, v00000210ea2abf20_4, v00000210ea2abf20_5, v00000210ea2abf20_6;
v00000210ea2abf20_7 .array/port v00000210ea2abf20, 7;
v00000210ea2abf20_8 .array/port v00000210ea2abf20, 8;
E_00000210ea2a8c60/2 .event anyedge, v00000210ea2abf20_7, v00000210ea2abf20_8;
E_00000210ea2a8c60 .event/or E_00000210ea2a8c60/0, E_00000210ea2a8c60/1, E_00000210ea2a8c60/2;
L_00000210ea2f3060 .part v00000210ea2abf20_8, 8, 8;
L_00000210ea2f2c00 .part v00000210ea2abf20_8, 12, 4;
L_00000210ea2f2fc0 .part v00000210ea2abf20_8, 8, 4;
L_00000210ea2f3380 .concat [ 4 4 4 4], L_00000210ea2f2fc0, L_00000210ea343080, L_00000210ea2f2c00, L_00000210ea343038;
    .scope S_00000210ea2a6ad0;
T_0 ;
    %wait E_00000210ea2a8c60;
    %pushi/vec4 0, 0, 8;
    %load/vec4 v00000210ea2abde0_0;
    %concat/vec4; draw_concat_vec4
    %ix/load 4, 0, 0;
    %flag_set/imm 4, 0;
    %store/vec4a v00000210ea2abf20, 4, 0;
    %pushi/vec4 1, 0, 32;
    %store/vec4 v00000210ea2a9070_0, 0, 32;
T_0.0 ;
    %load/vec4 v00000210ea2a9070_0;
    %cmpi/s 8, 0, 32;
    %jmp/0xz T_0.1, 5;
    %load/vec4 v00000210ea2a9070_0;
    %pad/s 33;
    %subi 1, 0, 33;
    %ix/vec4/s 4;
    %load/vec4a v00000210ea2abf20, 4;
    %ix/load 4, 1, 0;
    %flag_set/imm 4, 0;
    %shiftl 4;
    %ix/getv/s 4, v00000210ea2a9070_0;
    %store/vec4a v00000210ea2abf20, 4, 0;
    %ix/getv/s 4, v00000210ea2a9070_0;
    %load/vec4a v00000210ea2abf20, 4;
    %parti/s 4, 8, 5;
    %cmpi/u 4, 0, 4;
    %flag_or 5, 4; GT is !LE
    %flag_inv 5;
    %jmp/0xz  T_0.2, 5;
    %ix/getv/s 4, v00000210ea2a9070_0;
    %load/vec4a v00000210ea2abf20, 4;
    %parti/s 4, 8, 5;
    %addi 3, 0, 4;
    %ix/getv/s 4, v00000210ea2a9070_0;
    %flag_mov 8, 4;
    %ix/load 5, 8, 0;
    %flag_set/imm 4, 0;
    %flag_or 4, 8;
    %store/vec4a v00000210ea2abf20, 4, 5;
    %jmp T_0.3;
T_0.2 ;
    %ix/getv/s 4, v00000210ea2a9070_0;
    %load/vec4a v00000210ea2abf20, 4;
    %parti/s 4, 8, 5;
    %ix/getv/s 4, v00000210ea2a9070_0;
    %flag_mov 8, 4;
    %ix/load 5, 8, 0;
    %flag_set/imm 4, 0;
    %flag_or 4, 8;
    %store/vec4a v00000210ea2abf20, 4, 5;
T_0.3 ;
    %load/vec4 v00000210ea2a9070_0;
    %addi 1, 0, 32;
    %store/vec4 v00000210ea2a9070_0, 0, 32;
    %jmp T_0.0;
T_0.1 ;
    %ix/load 4, 7, 0;
    %flag_set/imm 4, 0;
    %load/vec4a v00000210ea2abf20, 4;
    %ix/load 4, 1, 0;
    %flag_set/imm 4, 0;
    %shiftl 4;
    %ix/load 4, 8, 0;
    %flag_set/imm 4, 0;
    %store/vec4a v00000210ea2abf20, 4, 0;
    %jmp T_0;
    .thread T_0, $push;
# The file index is used to find the file name in the following table.
:file_names 3;
    "N/A";
    "<interactive>";
    "binary2bcd_double_dabble.v";
