#! /c/Source/iverilog-install/bin/vvp
:ivl_version "12.0 (devel)" "(s20150603-1110-g18392a46)";
:ivl_delay_selection "TYPICAL";
:vpi_time_precision - 12;
:vpi_module "C:\iverilog\lib\ivl\system.vpi";
:vpi_module "C:\iverilog\lib\ivl\vhdl_sys.vpi";
:vpi_module "C:\iverilog\lib\ivl\vhdl_textio.vpi";
:vpi_module "C:\iverilog\lib\ivl\v2005_math.vpi";
:vpi_module "C:\iverilog\lib\ivl\va_math.vpi";
S_000001ad3bb575a0 .scope module, "tb_top_modeule" "tb_top_modeule" 2 5;
 .timescale -9 -12;
P_000001ad3bb578c0 .param/l "LARGE_NUMBER" 0 2 9, +C4<00000000000000000000000011111111>;
P_000001ad3bb578f8 .param/l "PERIOD" 0 2 8, +C4<00000000000000000000000000001010>;
v000001ad3bbc0a80_0 .var "clk", 0 0;
v000001ad3bbc0800_0 .var/i "error", 31 0;
v000001ad3bbc01c0_0 .var/i "i", 31 0;
v000001ad3bbc0260_0 .var "in_binary", 7 0;
v000001ad3bbc0080_0 .var/i "j", 31 0;
v000001ad3bbc0da0_0 .net "packed_bcd", 7 0, L_000001ad3bbc0940;  1 drivers
v000001ad3bbc0580_0 .var "rst_n", 0 0;
v000001ad3bbc03a0 .array "solution", 99 0, 7 0;
v000001ad3bbc0ee0_0 .net "unpacked_bcd", 15 0, L_000001ad3bbc0b20;  1 drivers
E_000001ad3bb5aae0 .event negedge, v000001ad3bbc0a80_0;
E_000001ad3bb5b2e0 .event anyedge, v000001ad3bbc0580_0;
S_000001ad3bb5bea0 .scope module, "u_top_modeule" "binary2bcd_double_dable" 2 29, 3 1 0, S_000001ad3bb575a0;
 .timescale 0 0;
    .port_info 0 /INPUT 8 "in_binary";
    .port_info 1 /OUTPUT 8 "packed_bcd";
    .port_info 2 /OUTPUT 16 "unpacked_bcd";
v000001ad3bcc7370_0 .net *"_ivl_12", 3 0, L_000001ad3bbc0760;  1 drivers
L_000001ad3bbc1048 .functor BUFT 1, C4<0000>, C4<0>, C4<0>, C4<0>;
v000001ad3bcc9330_0 .net/2u *"_ivl_3", 3 0, L_000001ad3bbc1048;  1 drivers
v000001ad3bcc9040_0 .net *"_ivl_7", 3 0, L_000001ad3bbc0bc0;  1 drivers
L_000001ad3bbc1090 .functor BUFT 1, C4<0000>, C4<0>, C4<0>, C4<0>;
v000001ad3bb57aa0_0 .net/2u *"_ivl_8", 3 0, L_000001ad3bbc1090;  1 drivers
v000001ad3bb57b40_0 .var/i "i", 31 0;
v000001ad3bb57be0_0 .net "in_binary", 7 0, v000001ad3bbc0260_0;  1 drivers
v000001ad3bb5dfe0_0 .net "packed_bcd", 7 0, L_000001ad3bbc0940;  alias, 1 drivers
v000001ad3bbc09e0 .array "scratch_pad", 8 0, 15 0;
v000001ad3bbc0440_0 .net "unpacked_bcd", 15 0, L_000001ad3bbc0b20;  alias, 1 drivers
v000001ad3bbc09e0_0 .array/port v000001ad3bbc09e0, 0;
v000001ad3bbc09e0_1 .array/port v000001ad3bbc09e0, 1;
v000001ad3bbc09e0_2 .array/port v000001ad3bbc09e0, 2;
E_000001ad3bb5b1e0/0 .event anyedge, v000001ad3bb57be0_0, v000001ad3bbc09e0_0, v000001ad3bbc09e0_1, v000001ad3bbc09e0_2;
v000001ad3bbc09e0_3 .array/port v000001ad3bbc09e0, 3;
v000001ad3bbc09e0_4 .array/port v000001ad3bbc09e0, 4;
v000001ad3bbc09e0_5 .array/port v000001ad3bbc09e0, 5;
v000001ad3bbc09e0_6 .array/port v000001ad3bbc09e0, 6;
E_000001ad3bb5b1e0/1 .event anyedge, v000001ad3bbc09e0_3, v000001ad3bbc09e0_4, v000001ad3bbc09e0_5, v000001ad3bbc09e0_6;
v000001ad3bbc09e0_7 .array/port v000001ad3bbc09e0, 7;
v000001ad3bbc09e0_8 .array/port v000001ad3bbc09e0, 8;
E_000001ad3bb5b1e0/2 .event anyedge, v000001ad3bbc09e0_7, v000001ad3bbc09e0_8;
E_000001ad3bb5b1e0 .event/or E_000001ad3bb5b1e0/0, E_000001ad3bb5b1e0/1, E_000001ad3bb5b1e0/2;
L_000001ad3bbc0940 .part v000001ad3bbc09e0_8, 8, 8;
L_000001ad3bbc0bc0 .part v000001ad3bbc09e0_8, 12, 4;
L_000001ad3bbc0760 .part v000001ad3bbc09e0_8, 8, 4;
L_000001ad3bbc0b20 .concat [ 4 4 4 4], L_000001ad3bbc0760, L_000001ad3bbc1090, L_000001ad3bbc0bc0, L_000001ad3bbc1048;
    .scope S_000001ad3bb5bea0;
T_0 ;
    %wait E_000001ad3bb5b1e0;
    %pushi/vec4 0, 0, 8;
    %load/vec4 v000001ad3bb57be0_0;
    %concat/vec4; draw_concat_vec4
    %ix/load 4, 0, 0;
    %flag_set/imm 4, 0;
    %store/vec4a v000001ad3bbc09e0, 4, 0;
    %pushi/vec4 1, 0, 32;
    %store/vec4 v000001ad3bb57b40_0, 0, 32;
T_0.0 ;
    %load/vec4 v000001ad3bb57b40_0;
    %cmpi/s 8, 0, 32;
    %jmp/0xz T_0.1, 5;
    %load/vec4 v000001ad3bb57b40_0;
    %pad/s 33;
    %subi 1, 0, 33;
    %ix/vec4/s 4;
    %load/vec4a v000001ad3bbc09e0, 4;
    %ix/load 4, 1, 0;
    %flag_set/imm 4, 0;
    %shiftl 4;
    %ix/getv/s 4, v000001ad3bb57b40_0;
    %store/vec4a v000001ad3bbc09e0, 4, 0;
    %ix/getv/s 4, v000001ad3bb57b40_0;
    %load/vec4a v000001ad3bbc09e0, 4;
    %parti/s 4, 8, 5;
    %cmpi/u 4, 0, 4;
    %flag_or 5, 4; GT is !LE
    %flag_inv 5;
    %jmp/0xz  T_0.2, 5;
    %ix/getv/s 4, v000001ad3bb57b40_0;
    %load/vec4a v000001ad3bbc09e0, 4;
    %parti/s 4, 8, 5;
    %addi 3, 0, 4;
    %ix/getv/s 4, v000001ad3bb57b40_0;
    %flag_mov 8, 4;
    %ix/load 5, 8, 0;
    %flag_set/imm 4, 0;
    %flag_or 4, 8;
    %store/vec4a v000001ad3bbc09e0, 4, 5;
    %jmp T_0.3;
T_0.2 ;
    %ix/getv/s 4, v000001ad3bb57b40_0;
    %load/vec4a v000001ad3bbc09e0, 4;
    %parti/s 4, 8, 5;
    %ix/getv/s 4, v000001ad3bb57b40_0;
    %flag_mov 8, 4;
    %ix/load 5, 8, 0;
    %flag_set/imm 4, 0;
    %flag_or 4, 8;
    %store/vec4a v000001ad3bbc09e0, 4, 5;
T_0.3 ;
    %load/vec4 v000001ad3bb57b40_0;
    %addi 1, 0, 32;
    %store/vec4 v000001ad3bb57b40_0, 0, 32;
    %jmp T_0.0;
T_0.1 ;
    %ix/load 4, 7, 0;
    %flag_set/imm 4, 0;
    %load/vec4a v000001ad3bbc09e0, 4;
    %ix/load 4, 1, 0;
    %flag_set/imm 4, 0;
    %shiftl 4;
    %ix/load 4, 8, 0;
    %flag_set/imm 4, 0;
    %store/vec4a v000001ad3bbc09e0, 4, 0;
    %jmp T_0;
    .thread T_0, $push;
    .scope S_000001ad3bb575a0;
T_1 ;
    %pushi/vec4 0, 0, 8;
    %store/vec4 v000001ad3bbc0260_0, 0, 8;
    %end;
    .thread T_1;
    .scope S_000001ad3bb575a0;
T_2 ;
    %vpi_call 2 25 "$readmemb", "solution.dat", v000001ad3bbc03a0 {0 0 0};
    %end;
    .thread T_2;
    .scope S_000001ad3bb575a0;
T_3 ;
    %delay 5000, 0;
    %load/vec4 v000001ad3bbc0a80_0;
    %inv;
    %store/vec4 v000001ad3bbc0a80_0, 0, 1;
    %jmp T_3;
    .thread T_3;
    .scope S_000001ad3bb575a0;
T_4 ;
    %pushi/vec4 1, 0, 1;
    %store/vec4 v000001ad3bbc0a80_0, 0, 1;
    %pushi/vec4 1, 0, 1;
    %store/vec4 v000001ad3bbc0580_0, 0, 1;
    %delay 10000, 0;
    %pushi/vec4 0, 0, 1;
    %store/vec4 v000001ad3bbc0580_0, 0, 1;
    %delay 10000, 0;
    %pushi/vec4 1, 0, 1;
    %store/vec4 v000001ad3bbc0580_0, 0, 1;
    %end;
    .thread T_4;
    .scope S_000001ad3bb575a0;
T_5 ;
    %vpi_call 2 50 "$dumpfile", "binary2bcd_double_dabble-tb.vcd" {0 0 0};
    %vpi_call 2 51 "$dumpvars" {0 0 0};
    %end;
    .thread T_5;
    .scope S_000001ad3bb575a0;
T_6 ;
T_6.0 ;
    %load/vec4 v000001ad3bbc0580_0;
    %pad/u 32;
    %pushi/vec4 0, 0, 32;
    %cmp/e;
    %flag_get/vec4 4;
    %cmpi/ne 1, 0, 1;
    %jmp/0xz T_6.1, 6;
    %wait E_000001ad3bb5b2e0;
    %jmp T_6.0;
T_6.1 ;
T_6.2 ;
    %load/vec4 v000001ad3bbc0580_0;
    %pad/u 32;
    %pushi/vec4 1, 0, 32;
    %cmp/e;
    %flag_get/vec4 4;
    %cmpi/ne 1, 0, 1;
    %jmp/0xz T_6.3, 6;
    %wait E_000001ad3bb5b2e0;
    %jmp T_6.2;
T_6.3 ;
    %pushi/vec4 0, 0, 8;
    %store/vec4 v000001ad3bbc0260_0, 0, 8;
    %pushi/vec4 0, 0, 32;
    %store/vec4 v000001ad3bbc01c0_0, 0, 32;
T_6.4 ;
    %load/vec4 v000001ad3bbc01c0_0;
    %cmpi/s 255, 0, 32;
    %jmp/0xz T_6.5, 5;
    %wait E_000001ad3bb5aae0;
    %load/vec4 v000001ad3bbc0260_0;
    %addi 1, 0, 8;
    %store/vec4 v000001ad3bbc0260_0, 0, 8;
    %load/vec4 v000001ad3bbc01c0_0;
    %addi 1, 0, 32;
    %store/vec4 v000001ad3bbc01c0_0, 0, 32;
    %jmp T_6.4;
T_6.5 ;
    %end;
    .thread T_6;
    .scope S_000001ad3bb575a0;
T_7 ;
    %pushi/vec4 0, 0, 32;
    %store/vec4 v000001ad3bbc0800_0, 0, 32;
T_7.0 ;
    %load/vec4 v000001ad3bbc0580_0;
    %pad/u 32;
    %pushi/vec4 0, 0, 32;
    %cmp/e;
    %flag_get/vec4 4;
    %cmpi/ne 1, 0, 1;
    %jmp/0xz T_7.1, 6;
    %wait E_000001ad3bb5b2e0;
    %jmp T_7.0;
T_7.1 ;
T_7.2 ;
    %load/vec4 v000001ad3bbc0580_0;
    %pad/u 32;
    %pushi/vec4 1, 0, 32;
    %cmp/e;
    %flag_get/vec4 4;
    %cmpi/ne 1, 0, 1;
    %jmp/0xz T_7.3, 6;
    %wait E_000001ad3bb5b2e0;
    %jmp T_7.2;
T_7.3 ;
    %pushi/vec4 0, 0, 32;
    %store/vec4 v000001ad3bbc0080_0, 0, 32;
T_7.4 ;
    %load/vec4 v000001ad3bbc0080_0;
    %cmpi/s 99, 0, 32;
    %flag_or 5, 4;
    %jmp/0xz T_7.5, 5;
    %wait E_000001ad3bb5aae0;
    %load/vec4 v000001ad3bbc0da0_0;
    %ix/getv/s 4, v000001ad3bbc0080_0;
    %load/vec4a v000001ad3bbc03a0, 4;
    %cmp/ne;
    %jmp/0xz  T_7.6, 4;
    %load/vec4 v000001ad3bbc0800_0;
    %addi 1, 0, 32;
    %store/vec4 v000001ad3bbc0800_0, 0, 32;
    %vpi_call 2 75 "$display", "pattern number No.%d is wrong at %t", v000001ad3bbc0080_0, $time {0 0 0};
    %vpi_call 2 76 "$display", "your answer is %b, but the correct answer is %b", v000001ad3bbc0da0_0, &A<v000001ad3bbc03a0, v000001ad3bbc0080_0 > {0 0 0};
T_7.6 ;
    %load/vec4 v000001ad3bbc0080_0;
    %addi 1, 0, 32;
    %store/vec4 v000001ad3bbc0080_0, 0, 32;
    %jmp T_7.4;
T_7.5 ;
    %load/vec4 v000001ad3bbc0800_0;
    %cmpi/e 0, 0, 32;
    %jmp/0xz  T_7.8, 4;
    %vpi_call 2 81 "$display", "Your answer is correct!" {0 0 0};
    %jmp T_7.9;
T_7.8 ;
    %vpi_call 2 83 "$display", "Your answer is wrong!" {0 0 0};
T_7.9 ;
    %delay 10000, 0;
    %vpi_call 2 86 "$finish" {0 0 0};
    %end;
    .thread T_7;
# The file index is used to find the file name in the following table.
:file_names 4;
    "N/A";
    "<interactive>";
    "binary2bcd_double_dabble-tb.v";
    "./binary2bcd_double_dabble.v";
